<?xml version="1.0" encoding="UTF-8"?>
<coverage generated="1760405649494" clover="3.2.0">
  <project timestamp="1760405649494" name="All files">
    <metrics statements="262" coveredstatements="215" conditionals="104" coveredconditionals="66" methods="100" coveredmethods="90" elements="466" coveredelements="371" complexity="0" loc="262" ncloc="262" packages="16" files="47" classes="47"/>
    <package name="assets">
      <metrics statements="11" coveredstatements="11" conditionals="0" coveredconditionals="0" methods="0" coveredmethods="0"/>
      <file name="Lixeira.png" path="/home/ponce/Documentos/ProjetoFinal/home/ubuntu/Projeto_MobileCrudeMedicamneyo/Projeto_Mobile-main/src/assets/Lixeira.png">
        <metrics statements="1" coveredstatements="1" conditionals="0" coveredconditionals="0" methods="0" coveredmethods="0"/>
        <line num="1" count="2" type="stmt"/>
      </file>
      <file name="Logo.png" path="/home/ponce/Documentos/ProjetoFinal/home/ubuntu/Projeto_MobileCrudeMedicamneyo/Projeto_Mobile-main/src/assets/Logo.png">
        <metrics statements="1" coveredstatements="1" conditionals="0" coveredconditionals="0" methods="0" coveredmethods="0"/>
        <line num="1" count="1" type="stmt"/>
      </file>
      <file name="LogoCadastro.png" path="/home/ponce/Documentos/ProjetoFinal/home/ubuntu/Projeto_MobileCrudeMedicamneyo/Projeto_Mobile-main/src/assets/LogoCadastro.png">
        <metrics statements="1" coveredstatements="1" conditionals="0" coveredconditionals="0" methods="0" coveredmethods="0"/>
        <line num="1" count="2" type="stmt"/>
      </file>
      <file name="facebook.png" path="/home/ponce/Documentos/ProjetoFinal/home/ubuntu/Projeto_MobileCrudeMedicamneyo/Projeto_Mobile-main/src/assets/facebook.png">
        <metrics statements="1" coveredstatements="1" conditionals="0" coveredconditionals="0" methods="0" coveredmethods="0"/>
        <line num="1" count="1" type="stmt"/>
      </file>
      <file name="google.png" path="/home/ponce/Documentos/ProjetoFinal/home/ubuntu/Projeto_MobileCrudeMedicamneyo/Projeto_Mobile-main/src/assets/google.png">
        <metrics statements="1" coveredstatements="1" conditionals="0" coveredconditionals="0" methods="0" coveredmethods="0"/>
        <line num="1" count="1" type="stmt"/>
      </file>
      <file name="lapisEditar.png" path="/home/ponce/Documentos/ProjetoFinal/home/ubuntu/Projeto_MobileCrudeMedicamneyo/Projeto_Mobile-main/src/assets/lapisEditar.png">
        <metrics statements="1" coveredstatements="1" conditionals="0" coveredconditionals="0" methods="0" coveredmethods="0"/>
        <line num="1" count="2" type="stmt"/>
      </file>
      <file name="mainicone.png" path="/home/ponce/Documentos/ProjetoFinal/home/ubuntu/Projeto_MobileCrudeMedicamneyo/Projeto_Mobile-main/src/assets/mainicone.png">
        <metrics statements="1" coveredstatements="1" conditionals="0" coveredconditionals="0" methods="0" coveredmethods="0"/>
        <line num="1" count="2" type="stmt"/>
      </file>
      <file name="mapaicone.png" path="/home/ponce/Documentos/ProjetoFinal/home/ubuntu/Projeto_MobileCrudeMedicamneyo/Projeto_Mobile-main/src/assets/mapaicone.png">
        <metrics statements="1" coveredstatements="1" conditionals="0" coveredconditionals="0" methods="0" coveredmethods="0"/>
        <line num="1" count="2" type="stmt"/>
      </file>
      <file name="notificacaoSino.png" path="/home/ponce/Documentos/ProjetoFinal/home/ubuntu/Projeto_MobileCrudeMedicamneyo/Projeto_Mobile-main/src/assets/notificacaoSino.png">
        <metrics statements="1" coveredstatements="1" conditionals="0" coveredconditionals="0" methods="0" coveredmethods="0"/>
        <line num="1" count="2" type="stmt"/>
      </file>
      <file name="perfilicone.png" path="/home/ponce/Documentos/ProjetoFinal/home/ubuntu/Projeto_MobileCrudeMedicamneyo/Projeto_Mobile-main/src/assets/perfilicone.png">
        <metrics statements="1" coveredstatements="1" conditionals="0" coveredconditionals="0" methods="0" coveredmethods="0"/>
        <line num="1" count="2" type="stmt"/>
      </file>
      <file name="relogio.png" path="/home/ponce/Documentos/ProjetoFinal/home/ubuntu/Projeto_MobileCrudeMedicamneyo/Projeto_Mobile-main/src/assets/relogio.png">
        <metrics statements="1" coveredstatements="1" conditionals="0" coveredconditionals="0" methods="0" coveredmethods="0"/>
        <line num="1" count="2" type="stmt"/>
      </file>
    </package>
    <package name="components">
      <metrics statements="0" coveredstatements="0" conditionals="0" coveredconditionals="0" methods="0" coveredmethods="0"/>
      <file name="index.ts" path="/home/ponce/Documentos/ProjetoFinal/home/ubuntu/Projeto_MobileCrudeMedicamneyo/Projeto_Mobile-main/src/components/index.ts">
        <metrics statements="0" coveredstatements="0" conditionals="0" coveredconditionals="0" methods="0" coveredmethods="0"/>
      </file>
    </package>
    <package name="components.ButtonInterface">
      <metrics statements="0" coveredstatements="0" conditionals="0" coveredconditionals="0" methods="0" coveredmethods="0"/>
      <file name="index.tsx" path="/home/ponce/Documentos/ProjetoFinal/home/ubuntu/Projeto_MobileCrudeMedicamneyo/Projeto_Mobile-main/src/components/ButtonInterface/index.tsx">
        <metrics statements="0" coveredstatements="0" conditionals="0" coveredconditionals="0" methods="0" coveredmethods="0"/>
      </file>
    </package>
    <package name="components.Header">
      <metrics statements="7" coveredstatements="6" conditionals="0" coveredconditionals="0" methods="2" coveredmethods="1"/>
      <file name="index.tsx" path="/home/ponce/Documentos/ProjetoFinal/home/ubuntu/Projeto_MobileCrudeMedicamneyo/Projeto_Mobile-main/src/components/Header/index.tsx">
        <metrics statements="6" coveredstatements="5" conditionals="0" coveredconditionals="0" methods="2" coveredmethods="1"/>
        <line num="8" count="2" type="stmt"/>
        <line num="15" count="4" type="stmt"/>
        <line num="16" count="4" type="stmt"/>
        <line num="18" count="4" type="stmt"/>
        <line num="19" count="0" type="stmt"/>
        <line num="22" count="4" type="stmt"/>
      </file>
      <file name="styles.ts" path="/home/ponce/Documentos/ProjetoFinal/home/ubuntu/Projeto_MobileCrudeMedicamneyo/Projeto_Mobile-main/src/components/Header/styles.ts">
        <metrics statements="1" coveredstatements="1" conditionals="0" coveredconditionals="0" methods="0" coveredmethods="0"/>
        <line num="3" count="2" type="stmt"/>
      </file>
    </package>
    <package name="components.Loading">
      <metrics statements="0" coveredstatements="0" conditionals="0" coveredconditionals="0" methods="0" coveredmethods="0"/>
      <file name="index.tsx" path="/home/ponce/Documentos/ProjetoFinal/home/ubuntu/Projeto_MobileCrudeMedicamneyo/Projeto_Mobile-main/src/components/Loading/index.tsx">
        <metrics statements="0" coveredstatements="0" conditionals="0" coveredconditionals="0" methods="0" coveredmethods="0"/>
      </file>
    </package>
    <package name="context">
      <metrics statements="45" coveredstatements="30" conditionals="14" coveredconditionals="5" methods="20" coveredmethods="17"/>
      <file name="MedicamentoContext.tsx" path="/home/ponce/Documentos/ProjetoFinal/home/ubuntu/Projeto_MobileCrudeMedicamneyo/Projeto_Mobile-main/src/context/MedicamentoContext.tsx">
        <metrics statements="18" coveredstatements="17" conditionals="6" coveredconditionals="4" methods="11" coveredmethods="11"/>
        <line num="21" count="2" type="stmt"/>
        <line num="23" count="2" type="stmt"/>
        <line num="24" count="5" type="stmt"/>
        <line num="55" count="5" type="stmt"/>
        <line num="56" count="3" type="cond" truecount="1" falsecount="1"/>
        <line num="57" count="1" type="stmt"/>
        <line num="60" count="5" type="stmt"/>
        <line num="61" count="1" type="stmt"/>
        <line num="62" count="1" type="stmt"/>
        <line num="63" count="4" type="cond" truecount="2" falsecount="0"/>
        <line num="68" count="5" type="stmt"/>
        <line num="69" count="4" type="stmt"/>
        <line num="72" count="5" type="stmt"/>
        <line num="84" count="2" type="stmt"/>
        <line num="85" count="12" type="stmt"/>
        <line num="86" count="12" type="cond" truecount="1" falsecount="1"/>
        <line num="87" count="0" type="stmt"/>
        <line num="89" count="12" type="stmt"/>
      </file>
      <file name="auth.tsx" path="/home/ponce/Documentos/ProjetoFinal/home/ubuntu/Projeto_MobileCrudeMedicamneyo/Projeto_Mobile-main/src/context/auth.tsx">
        <metrics statements="27" coveredstatements="13" conditionals="8" coveredconditionals="1" methods="9" coveredmethods="6"/>
        <line num="24" count="2" type="stmt"/>
        <line num="46" count="2" type="stmt"/>
        <line num="50" count="2" type="stmt"/>
        <line num="53" count="2" type="stmt"/>
        <line num="55" count="1" type="stmt"/>
        <line num="58" count="0" type="stmt"/>
        <line num="59" count="0" type="cond" truecount="0" falsecount="2"/>
        <line num="62" count="0" type="cond" truecount="0" falsecount="2"/>
        <line num="64" count="0" type="stmt"/>
        <line num="65" count="0" type="stmt"/>
        <line num="66" count="0" type="stmt"/>
        <line num="69" count="0" type="stmt"/>
        <line num="73" count="2" type="stmt"/>
        <line num="74" count="0" type="stmt"/>
        <line num="78" count="2" type="stmt"/>
        <line num="80" count="1" type="stmt"/>
        <line num="83" count="0" type="stmt"/>
        <line num="85" count="0" type="cond" truecount="0" falsecount="2"/>
        <line num="86" count="0" type="stmt"/>
        <line num="90" count="0" type="stmt"/>
        <line num="96" count="0" type="stmt"/>
        <line num="99" count="2" type="stmt"/>
        <line num="101" count="2" type="stmt"/>
        <line num="118" count="15" type="stmt"/>
        <line num="120" count="15" type="cond" truecount="1" falsecount="1"/>
        <line num="121" count="0" type="stmt"/>
        <line num="124" count="15" type="stmt"/>
      </file>
    </package>
    <package name="core.domain.entities">
      <metrics statements="1" coveredstatements="1" conditionals="0" coveredconditionals="0" methods="2" coveredmethods="2"/>
      <file name="User.ts" path="/home/ponce/Documentos/ProjetoFinal/home/ubuntu/Projeto_MobileCrudeMedicamneyo/Projeto_Mobile-main/src/core/domain/entities/User.ts">
        <metrics statements="1" coveredstatements="1" conditionals="0" coveredconditionals="0" methods="2" coveredmethods="2"/>
        <line num="19" count="16" type="stmt"/>
      </file>
    </package>
    <package name="core.domain.use-cases">
      <metrics statements="21" coveredstatements="21" conditionals="6" coveredconditionals="6" methods="21" coveredmethods="21"/>
      <file name="AdicionarMedicamento.ts" path="/home/ponce/Documentos/ProjetoFinal/home/ubuntu/Projeto_MobileCrudeMedicamneyo/Projeto_Mobile-main/src/core/domain/use-cases/AdicionarMedicamento.ts">
        <metrics statements="1" coveredstatements="1" conditionals="0" coveredconditionals="0" methods="2" coveredmethods="2"/>
        <line num="8" count="1" type="stmt"/>
      </file>
      <file name="DeleteUser.ts" path="/home/ponce/Documentos/ProjetoFinal/home/ubuntu/Projeto_MobileCrudeMedicamneyo/Projeto_Mobile-main/src/core/domain/use-cases/DeleteUser.ts">
        <metrics statements="1" coveredstatements="1" conditionals="0" coveredconditionals="0" methods="2" coveredmethods="2"/>
        <line num="8" count="1" type="stmt"/>
      </file>
      <file name="EditarMedicamento.ts" path="/home/ponce/Documentos/ProjetoFinal/home/ubuntu/Projeto_MobileCrudeMedicamneyo/Projeto_Mobile-main/src/core/domain/use-cases/EditarMedicamento.ts">
        <metrics statements="1" coveredstatements="1" conditionals="0" coveredconditionals="0" methods="2" coveredmethods="2"/>
        <line num="8" count="1" type="stmt"/>
      </file>
      <file name="ExcluirMedicamento.ts" path="/home/ponce/Documentos/ProjetoFinal/home/ubuntu/Projeto_MobileCrudeMedicamneyo/Projeto_Mobile-main/src/core/domain/use-cases/ExcluirMedicamento.ts">
        <metrics statements="1" coveredstatements="1" conditionals="0" coveredconditionals="0" methods="2" coveredmethods="2"/>
        <line num="7" count="1" type="stmt"/>
      </file>
      <file name="FindUser.ts" path="/home/ponce/Documentos/ProjetoFinal/home/ubuntu/Projeto_MobileCrudeMedicamneyo/Projeto_Mobile-main/src/core/domain/use-cases/FindUser.ts">
        <metrics statements="1" coveredstatements="1" conditionals="0" coveredconditionals="0" methods="2" coveredmethods="2"/>
        <line num="9" count="2" type="stmt"/>
      </file>
      <file name="ListarMedicamentos.ts" path="/home/ponce/Documentos/ProjetoFinal/home/ubuntu/Projeto_MobileCrudeMedicamneyo/Projeto_Mobile-main/src/core/domain/use-cases/ListarMedicamentos.ts">
        <metrics statements="1" coveredstatements="1" conditionals="0" coveredconditionals="0" methods="2" coveredmethods="2"/>
        <line num="8" count="2" type="stmt"/>
      </file>
      <file name="LoginUser.ts" path="/home/ponce/Documentos/ProjetoFinal/home/ubuntu/Projeto_MobileCrudeMedicamneyo/Projeto_Mobile-main/src/core/domain/use-cases/LoginUser.ts">
        <metrics statements="6" coveredstatements="6" conditionals="4" coveredconditionals="4" methods="2" coveredmethods="2"/>
        <line num="10" count="5" type="stmt"/>
        <line num="11" count="4" type="stmt"/>
        <line num="13" count="3" type="stmt"/>
        <line num="15" count="3" type="cond" truecount="4" falsecount="0"/>
        <line num="16" count="1" type="stmt"/>
        <line num="18" count="2" type="stmt"/>
      </file>
      <file name="LogoutUser.ts" path="/home/ponce/Documentos/ProjetoFinal/home/ubuntu/Projeto_MobileCrudeMedicamneyo/Projeto_Mobile-main/src/core/domain/use-cases/LogoutUser.ts">
        <metrics statements="1" coveredstatements="1" conditionals="0" coveredconditionals="0" methods="1" coveredmethods="1"/>
        <line num="4" count="1" type="stmt"/>
      </file>
      <file name="ObterMedicamentoPorId.ts" path="/home/ponce/Documentos/ProjetoFinal/home/ubuntu/Projeto_MobileCrudeMedicamneyo/Projeto_Mobile-main/src/core/domain/use-cases/ObterMedicamentoPorId.ts">
        <metrics statements="1" coveredstatements="1" conditionals="0" coveredconditionals="0" methods="2" coveredmethods="2"/>
        <line num="8" count="2" type="stmt"/>
      </file>
      <file name="RegisterUser.ts" path="/home/ponce/Documentos/ProjetoFinal/home/ubuntu/Projeto_MobileCrudeMedicamneyo/Projeto_Mobile-main/src/core/domain/use-cases/RegisterUser.ts">
        <metrics statements="6" coveredstatements="6" conditionals="2" coveredconditionals="2" methods="2" coveredmethods="2"/>
        <line num="11" count="4" type="stmt"/>
        <line num="12" count="4" type="cond" truecount="2" falsecount="0"/>
        <line num="13" count="1" type="stmt"/>
        <line num="16" count="3" type="stmt"/>
        <line num="17" count="1" type="stmt"/>
        <line num="18" count="1" type="stmt"/>
      </file>
      <file name="UpdateUser.ts" path="/home/ponce/Documentos/ProjetoFinal/home/ubuntu/Projeto_MobileCrudeMedicamneyo/Projeto_Mobile-main/src/core/domain/use-cases/UpdateUser.ts">
        <metrics statements="1" coveredstatements="1" conditionals="0" coveredconditionals="0" methods="2" coveredmethods="2"/>
        <line num="9" count="1" type="stmt"/>
      </file>
    </package>
    <package name="core.domain.value-objects">
      <metrics statements="13" coveredstatements="13" conditionals="6" coveredconditionals="6" methods="9" coveredmethods="9"/>
      <file name="Email.ts" path="/home/ponce/Documentos/ProjetoFinal/home/ubuntu/Projeto_MobileCrudeMedicamneyo/Projeto_Mobile-main/src/core/domain/value-objects/Email.ts">
        <metrics statements="5" coveredstatements="5" conditionals="2" coveredconditionals="2" methods="3" coveredmethods="3"/>
        <line num="5" count="23" type="cond" truecount="2" falsecount="0"/>
        <line num="6" count="3" type="stmt"/>
        <line num="8" count="20" type="stmt"/>
        <line num="12" count="23" type="stmt"/>
        <line num="13" count="23" type="stmt"/>
      </file>
      <file name="Name.ts" path="/home/ponce/Documentos/ProjetoFinal/home/ubuntu/Projeto_MobileCrudeMedicamneyo/Projeto_Mobile-main/src/core/domain/value-objects/Name.ts">
        <metrics statements="4" coveredstatements="4" conditionals="2" coveredconditionals="2" methods="3" coveredmethods="3"/>
        <line num="5" count="20" type="cond" truecount="2" falsecount="0"/>
        <line num="6" count="2" type="stmt"/>
        <line num="8" count="18" type="stmt"/>
        <line num="12" count="20" type="stmt"/>
      </file>
      <file name="Password.ts" path="/home/ponce/Documentos/ProjetoFinal/home/ubuntu/Projeto_MobileCrudeMedicamneyo/Projeto_Mobile-main/src/core/domain/value-objects/Password.ts">
        <metrics statements="4" coveredstatements="4" conditionals="2" coveredconditionals="2" methods="3" coveredmethods="3"/>
        <line num="5" count="21" type="cond" truecount="2" falsecount="0"/>
        <line num="6" count="2" type="stmt"/>
        <line num="8" count="19" type="stmt"/>
        <line num="12" count="21" type="stmt"/>
      </file>
    </package>
    <package name="core.factories">
      <metrics statements="15" coveredstatements="15" conditionals="0" coveredconditionals="0" methods="2" coveredmethods="2"/>
      <file name="MakeMedicamentoUseCases.ts" path="/home/ponce/Documentos/ProjetoFinal/home/ubuntu/Projeto_MobileCrudeMedicamneyo/Projeto_Mobile-main/src/core/factories/MakeMedicamentoUseCases.ts">
        <metrics statements="7" coveredstatements="7" conditionals="0" coveredconditionals="0" methods="1" coveredmethods="1"/>
        <line num="10" count="7" type="stmt"/>
        <line num="12" count="7" type="stmt"/>
        <line num="13" count="7" type="stmt"/>
        <line num="14" count="7" type="stmt"/>
        <line num="15" count="7" type="stmt"/>
        <line num="16" count="7" type="stmt"/>
        <line num="18" count="7" type="stmt"/>
      </file>
      <file name="MakeUserUseCases.ts" path="/home/ponce/Documentos/ProjetoFinal/home/ubuntu/Projeto_MobileCrudeMedicamneyo/Projeto_Mobile-main/src/core/factories/MakeUserUseCases.ts">
        <metrics statements="8" coveredstatements="8" conditionals="0" coveredconditionals="0" methods="1" coveredmethods="1"/>
        <line num="11" count="8" type="stmt"/>
        <line num="13" count="8" type="stmt"/>
        <line num="14" count="8" type="stmt"/>
        <line num="15" count="8" type="stmt"/>
        <line num="16" count="8" type="stmt"/>
        <line num="17" count="8" type="stmt"/>
        <line num="18" count="8" type="stmt"/>
        <line num="20" count="8" type="stmt"/>
      </file>
    </package>
    <package name="core.infra.repositories">
      <metrics statements="20" coveredstatements="20" conditionals="12" coveredconditionals="8" methods="19" coveredmethods="19"/>
      <file name="MockMedicamentoRepository.ts" path="/home/ponce/Documentos/ProjetoFinal/home/ubuntu/Projeto_MobileCrudeMedicamneyo/Projeto_Mobile-main/src/core/infra/repositories/MockMedicamentoRepository.ts">
        <metrics statements="8" coveredstatements="8" conditionals="4" coveredconditionals="3" methods="8" coveredmethods="8"/>
        <line num="5" count="15" type="stmt"/>
        <line num="8" count="8" type="stmt"/>
        <line num="12" count="6" type="cond" truecount="2" falsecount="0"/>
        <line num="16" count="1" type="stmt"/>
        <line num="20" count="2" type="stmt"/>
        <line num="21" count="2" type="cond" truecount="1" falsecount="1"/>
        <line num="22" count="2" type="stmt"/>
        <line num="27" count="2" type="stmt"/>
      </file>
      <file name="MockUserRepository.ts" path="/home/ponce/Documentos/ProjetoFinal/home/ubuntu/Projeto_MobileCrudeMedicamneyo/Projeto_Mobile-main/src/core/infra/repositories/MockUserRepository.ts">
        <metrics statements="12" coveredstatements="12" conditionals="8" coveredconditionals="5" methods="11" coveredmethods="11"/>
        <line num="6" count="19" type="stmt"/>
        <line num="8" count="1" type="cond" truecount="1" falsecount="1"/>
        <line num="9" count="1" type="stmt"/>
        <line num="11" count="1" type="stmt"/>
        <line num="15" count="1" type="stmt"/>
        <line num="20" count="8" type="stmt"/>
        <line num="24" count="1" type="cond" truecount="1" falsecount="1"/>
        <line num="28" count="8" type="cond" truecount="2" falsecount="0"/>
        <line num="32" count="2" type="stmt"/>
        <line num="33" count="2" type="cond" truecount="1" falsecount="1"/>
        <line num="34" count="2" type="stmt"/>
        <line num="39" count="2" type="stmt"/>
      </file>
    </package>
    <package name="screens.AdicionarMedicamento">
      <metrics statements="20" coveredstatements="16" conditionals="11" coveredconditionals="8" methods="4" coveredmethods="2"/>
      <file name="index.tsx" path="/home/ponce/Documentos/ProjetoFinal/home/ubuntu/Projeto_MobileCrudeMedicamneyo/Projeto_Mobile-main/src/screens/AdicionarMedicamento/index.tsx">
        <metrics statements="19" coveredstatements="15" conditionals="11" coveredconditionals="8" methods="4" coveredmethods="2"/>
        <line num="7" count="1" type="stmt"/>
        <line num="10" count="6" type="stmt"/>
        <line num="11" count="6" type="stmt"/>
        <line num="12" count="6" type="stmt"/>
        <line num="13" count="6" type="stmt"/>
        <line num="14" count="6" type="stmt"/>
        <line num="15" count="6" type="stmt"/>
        <line num="17" count="6" type="stmt"/>
        <line num="18" count="1" type="cond" truecount="6" falsecount="1"/>
        <line num="19" count="0" type="stmt"/>
        <line num="20" count="0" type="stmt"/>
        <line num="23" count="1" type="stmt"/>
        <line num="31" count="1" type="stmt"/>
        <line num="32" count="1" type="stmt"/>
        <line num="35" count="6" type="stmt"/>
        <line num="36" count="0" type="stmt"/>
        <line num="39" count="6" type="stmt"/>
        <line num="40" count="0" type="stmt"/>
        <line num="43" count="6" type="stmt"/>
      </file>
      <file name="styles.ts" path="/home/ponce/Documentos/ProjetoFinal/home/ubuntu/Projeto_MobileCrudeMedicamneyo/Projeto_Mobile-main/src/screens/AdicionarMedicamento/styles.ts">
        <metrics statements="1" coveredstatements="1" conditionals="0" coveredconditionals="0" methods="0" coveredmethods="0"/>
        <line num="3" count="1" type="stmt"/>
      </file>
    </package>
    <package name="screens.EditarMedicamento">
      <metrics statements="28" coveredstatements="24" conditionals="16" coveredconditionals="8" methods="6" coveredmethods="4"/>
      <file name="index.tsx" path="/home/ponce/Documentos/ProjetoFinal/home/ubuntu/Projeto_MobileCrudeMedicamneyo/Projeto_Mobile-main/src/screens/EditarMedicamento/index.tsx">
        <metrics statements="27" coveredstatements="23" conditionals="16" coveredconditionals="8" methods="6" coveredmethods="4"/>
        <line num="7" count="1" type="stmt"/>
        <line num="10" count="2" type="stmt"/>
        <line num="11" count="2" type="stmt"/>
        <line num="12" count="8" type="stmt"/>
        <line num="14" count="2" type="cond" truecount="1" falsecount="1"/>
        <line num="15" count="2" type="cond" truecount="1" falsecount="1"/>
        <line num="16" count="2" type="cond" truecount="1" falsecount="1"/>
        <line num="17" count="2" type="stmt"/>
        <line num="18" count="2" type="cond" truecount="1" falsecount="1"/>
        <line num="20" count="2" type="stmt"/>
        <line num="21" count="1" type="cond" truecount="1" falsecount="1"/>
        <line num="22" count="1" type="stmt"/>
        <line num="23" count="1" type="stmt"/>
        <line num="24" count="1" type="stmt"/>
        <line num="25" count="1" type="stmt"/>
        <line num="29" count="2" type="stmt"/>
        <line num="30" count="1" type="cond" truecount="1" falsecount="1"/>
        <line num="31" count="0" type="stmt"/>
        <line num="32" count="0" type="stmt"/>
        <line num="35" count="1" type="stmt"/>
        <line num="44" count="1" type="stmt"/>
        <line num="45" count="1" type="stmt"/>
        <line num="48" count="2" type="stmt"/>
        <line num="49" count="0" type="stmt"/>
        <line num="52" count="2" type="stmt"/>
        <line num="53" count="0" type="stmt"/>
        <line num="56" count="2" type="stmt"/>
      </file>
      <file name="styles.ts" path="/home/ponce/Documentos/ProjetoFinal/home/ubuntu/Projeto_MobileCrudeMedicamneyo/Projeto_Mobile-main/src/screens/EditarMedicamento/styles.ts">
        <metrics statements="1" coveredstatements="1" conditionals="0" coveredconditionals="0" methods="0" coveredmethods="0"/>
        <line num="3" count="1" type="stmt"/>
      </file>
    </package>
    <package name="screens.Login">
      <metrics statements="22" coveredstatements="14" conditionals="14" coveredconditionals="9" methods="3" coveredmethods="2"/>
      <file name="index.tsx" path="/home/ponce/Documentos/ProjetoFinal/home/ubuntu/Projeto_MobileCrudeMedicamneyo/Projeto_Mobile-main/src/screens/Login/index.tsx">
        <metrics statements="21" coveredstatements="13" conditionals="14" coveredconditionals="9" methods="3" coveredmethods="2"/>
        <line num="7" count="1" type="stmt"/>
        <line num="8" count="1" type="stmt"/>
        <line num="9" count="1" type="stmt"/>
        <line num="16" count="4" type="stmt"/>
        <line num="17" count="4" type="stmt"/>
        <line num="18" count="4" type="stmt"/>
        <line num="19" count="4" type="stmt"/>
        <line num="21" count="4" type="stmt"/>
        <line num="22" count="1" type="cond" truecount="3" falsecount="1"/>
        <line num="23" count="0" type="stmt"/>
        <line num="24" count="0" type="stmt"/>
        <line num="27" count="1" type="stmt"/>
        <line num="29" count="1" type="stmt"/>
        <line num="30" count="1" type="stmt"/>
        <line num="32" count="0" type="cond" truecount="0" falsecount="2"/>
        <line num="34" count="0" type="stmt"/>
        <line num="36" count="0" type="stmt"/>
        <line num="39" count="0" type="stmt"/>
        <line num="41" count="0" type="stmt"/>
        <line num="45" count="4" type="stmt"/>
        <line num="117" count="0" type="stmt"/>
      </file>
      <file name="styles.ts" path="/home/ponce/Documentos/ProjetoFinal/home/ubuntu/Projeto_MobileCrudeMedicamneyo/Projeto_Mobile-main/src/screens/Login/styles.ts">
        <metrics statements="1" coveredstatements="1" conditionals="0" coveredconditionals="0" methods="0" coveredmethods="0"/>
        <line num="3" count="1" type="stmt"/>
      </file>
    </package>
    <package name="screens.MainScreen">
      <metrics statements="21" coveredstatements="21" conditionals="0" coveredconditionals="0" methods="7" coveredmethods="7"/>
      <file name="index.tsx" path="/home/ponce/Documentos/ProjetoFinal/home/ubuntu/Projeto_MobileCrudeMedicamneyo/Projeto_Mobile-main/src/screens/MainScreen/index.tsx">
        <metrics statements="20" coveredstatements="20" conditionals="0" coveredconditionals="0" methods="7" coveredmethods="7"/>
        <line num="10" count="2" type="stmt"/>
        <line num="11" count="2" type="stmt"/>
        <line num="12" count="2" type="stmt"/>
        <line num="13" count="2" type="stmt"/>
        <line num="14" count="2" type="stmt"/>
        <line num="15" count="2" type="stmt"/>
        <line num="16" count="2" type="stmt"/>
        <line num="25" count="4" type="stmt"/>
        <line num="26" count="4" type="stmt"/>
        <line num="27" count="4" type="stmt"/>
        <line num="29" count="4" type="stmt"/>
        <line num="30" count="1" type="stmt"/>
        <line num="33" count="4" type="stmt"/>
        <line num="34" count="1" type="stmt"/>
        <line num="37" count="4" type="stmt"/>
        <line num="38" count="1" type="stmt"/>
        <line num="41" count="4" type="stmt"/>
        <line num="69" count="14" type="stmt"/>
        <line num="92" count="1" type="stmt"/>
        <line num="99" count="1" type="stmt"/>
      </file>
      <file name="styles.ts" path="/home/ponce/Documentos/ProjetoFinal/home/ubuntu/Projeto_MobileCrudeMedicamneyo/Projeto_Mobile-main/src/screens/MainScreen/styles.ts">
        <metrics statements="1" coveredstatements="1" conditionals="0" coveredconditionals="0" methods="0" coveredmethods="0"/>
        <line num="3" count="2" type="stmt"/>
      </file>
    </package>
    <package name="screens.Register">
      <metrics statements="38" coveredstatements="23" conditionals="25" coveredconditionals="16" methods="5" coveredmethods="4"/>
      <file name="index.tsx" path="/home/ponce/Documentos/ProjetoFinal/home/ubuntu/Projeto_MobileCrudeMedicamneyo/Projeto_Mobile-main/src/screens/Register/index.tsx">
        <metrics statements="37" coveredstatements="22" conditionals="25" coveredconditionals="16" methods="5" coveredmethods="4"/>
        <line num="7" count="1" type="stmt"/>
        <line num="14" count="7" type="stmt"/>
        <line num="15" count="7" type="stmt"/>
        <line num="16" count="7" type="stmt"/>
        <line num="17" count="7" type="stmt"/>
        <line num="18" count="7" type="stmt"/>
        <line num="19" count="7" type="stmt"/>
        <line num="20" count="7" type="stmt"/>
        <line num="22" count="7" type="stmt"/>
        <line num="23" count="1" type="cond" truecount="6" falsecount="1"/>
        <line num="24" count="0" type="stmt"/>
        <line num="25" count="0" type="stmt"/>
        <line num="28" count="1" type="cond" truecount="1" falsecount="1"/>
        <line num="29" count="0" type="stmt"/>
        <line num="30" count="0" type="stmt"/>
        <line num="33" count="1" type="cond" truecount="1" falsecount="1"/>
        <line num="34" count="0" type="stmt"/>
        <line num="35" count="0" type="stmt"/>
        <line num="39" count="1" type="stmt"/>
        <line num="40" count="1" type="cond" truecount="1" falsecount="1"/>
        <line num="41" count="0" type="stmt"/>
        <line num="42" count="0" type="stmt"/>
        <line num="45" count="1" type="stmt"/>
        <line num="48" count="7" type="stmt"/>
        <line num="49" count="1" type="cond" truecount="1" falsecount="1"/>
        <line num="50" count="0" type="stmt"/>
        <line num="53" count="1" type="stmt"/>
        <line num="55" count="1" type="stmt"/>
        <line num="56" count="1" type="stmt"/>
        <line num="58" count="0" type="cond" truecount="0" falsecount="2"/>
        <line num="60" count="0" type="stmt"/>
        <line num="64" count="0" type="stmt"/>
        <line num="69" count="0" type="stmt"/>
        <line num="72" count="0" type="stmt"/>
        <line num="74" count="0" type="stmt"/>
        <line num="78" count="7" type="stmt"/>
        <line num="159" count="1" type="stmt"/>
      </file>
      <file name="styles.ts" path="/home/ponce/Documentos/ProjetoFinal/home/ubuntu/Projeto_MobileCrudeMedicamneyo/Projeto_Mobile-main/src/screens/Register/styles.ts">
        <metrics statements="1" coveredstatements="1" conditionals="0" coveredconditionals="0" methods="0" coveredmethods="0"/>
        <line num="3" count="1" type="stmt"/>
      </file>
    </package>
  </project>
</coverage>
