{"/home/ponce/Projeto_Mobile/src/core/domain/entities/User.ts": {"path":"/home/ponce/Projeto_Mobile/src/core/domain/entities/User.ts","statementMap":{"0":{"start":{"line":7,"column":13},"end":{"line":7,"column":23}},"1":{"start":{"line":8,"column":13},"end":{"line":8,"column":23}},"2":{"start":{"line":9,"column":13},"end":{"line":9,"column":25}},"3":{"start":{"line":10,"column":13},"end":{"line":10,"column":31}},"4":{"start":{"line":19,"column":4},"end":{"line":19,"column":47}},"5":{"start":{"line":5,"column":0},"end":{"line":5,"column":13}}},"fnMap":{"0":{"name":"(anonymous_0)","decl":{"start":{"line":6,"column":2},"end":{"line":6,"column":null}},"loc":{"start":{"line":10,"column":31},"end":{"line":11,"column":6}}},"1":{"name":"(anonymous_1)","decl":{"start":{"line":13,"column":2},"end":{"line":13,"column":8}},"loc":{"start":{"line":17,"column":22},"end":{"line":20,"column":3}}}},"branchMap":{},"s":{"0":16,"1":16,"2":16,"3":16,"4":16,"5":8},"f":{"0":16,"1":16},"b":{}}
,"/home/ponce/Projeto_Mobile/src/core/domain/use-cases/AdicionarMedicamento.ts": {"path":"/home/ponce/Projeto_Mobile/src/core/domain/use-cases/AdicionarMedicamento.ts","statementMap":{"0":{"start":{"line":5,"column":22},"end":{"line":5,"column":67}},"1":{"start":{"line":8,"column":4},"end":{"line":8,"column":55}},"2":{"start":{"line":4,"column":0},"end":{"line":4,"column":13}}},"fnMap":{"0":{"name":"(anonymous_7)","decl":{"start":{"line":5,"column":2},"end":{"line":5,"column":22}},"loc":{"start":{"line":5,"column":67},"end":{"line":5,"column":71}}},"1":{"name":"(anonymous_8)","decl":{"start":{"line":7,"column":8},"end":{"line":7,"column":15}},"loc":{"start":{"line":7,"column":40},"end":{"line":9,"column":null}}}},"branchMap":{},"s":{"0":8,"1":1,"2":2},"f":{"0":8,"1":1},"b":{}}
,"/home/ponce/Projeto_Mobile/src/core/domain/use-cases/DeleteUser.ts": {"path":"/home/ponce/Projeto_Mobile/src/core/domain/use-cases/DeleteUser.ts","statementMap":{"0":{"start":{"line":4,"column":22},"end":{"line":4,"column":53}},"1":{"start":{"line":8,"column":4},"end":{"line":8,"column":46}},"2":{"start":{"line":3,"column":0},"end":{"line":3,"column":13}}},"fnMap":{"0":{"name":"(anonymous_7)","decl":{"start":{"line":4,"column":2},"end":{"line":4,"column":22}},"loc":{"start":{"line":4,"column":53},"end":{"line":4,"column":57}}},"1":{"name":"(anonymous_8)","decl":{"start":{"line":6,"column":8},"end":{"line":6,"column":15}},"loc":{"start":{"line":6,"column":30},"end":{"line":9,"column":null}}}},"branchMap":{},"s":{"0":9,"1":1,"2":2},"f":{"0":9,"1":1},"b":{}}
,"/home/ponce/Projeto_Mobile/src/core/domain/use-cases/EditarMedicamento.ts": {"path":"/home/ponce/Projeto_Mobile/src/core/domain/use-cases/EditarMedicamento.ts","statementMap":{"0":{"start":{"line":5,"column":22},"end":{"line":5,"column":67}},"1":{"start":{"line":8,"column":4},"end":{"line":8,"column":57}},"2":{"start":{"line":4,"column":0},"end":{"line":4,"column":13}}},"fnMap":{"0":{"name":"(anonymous_7)","decl":{"start":{"line":5,"column":2},"end":{"line":5,"column":22}},"loc":{"start":{"line":5,"column":67},"end":{"line":5,"column":71}}},"1":{"name":"(anonymous_8)","decl":{"start":{"line":7,"column":8},"end":{"line":7,"column":15}},"loc":{"start":{"line":7,"column":40},"end":{"line":9,"column":null}}}},"branchMap":{},"s":{"0":8,"1":1,"2":2},"f":{"0":8,"1":1},"b":{}}
,"/home/ponce/Projeto_Mobile/src/core/domain/use-cases/ExcluirMedicamento.ts": {"path":"/home/ponce/Projeto_Mobile/src/core/domain/use-cases/ExcluirMedicamento.ts","statementMap":{"0":{"start":{"line":4,"column":22},"end":{"line":4,"column":67}},"1":{"start":{"line":7,"column":4},"end":{"line":7,"column":48}},"2":{"start":{"line":3,"column":0},"end":{"line":3,"column":13}}},"fnMap":{"0":{"name":"(anonymous_7)","decl":{"start":{"line":4,"column":2},"end":{"line":4,"column":22}},"loc":{"start":{"line":4,"column":67},"end":{"line":4,"column":71}}},"1":{"name":"(anonymous_8)","decl":{"start":{"line":6,"column":8},"end":{"line":6,"column":15}},"loc":{"start":{"line":6,"column":26},"end":{"line":8,"column":null}}}},"branchMap":{},"s":{"0":8,"1":1,"2":2},"f":{"0":8,"1":1},"b":{}}
,"/home/ponce/Projeto_Mobile/src/core/domain/use-cases/FindUser.ts": {"path":"/home/ponce/Projeto_Mobile/src/core/domain/use-cases/FindUser.ts","statementMap":{"0":{"start":{"line":5,"column":22},"end":{"line":5,"column":53}},"1":{"start":{"line":9,"column":4},"end":{"line":9,"column":48}},"2":{"start":{"line":4,"column":0},"end":{"line":4,"column":13}}},"fnMap":{"0":{"name":"(anonymous_7)","decl":{"start":{"line":5,"column":2},"end":{"line":5,"column":22}},"loc":{"start":{"line":5,"column":53},"end":{"line":5,"column":57}}},"1":{"name":"(anonymous_8)","decl":{"start":{"line":7,"column":8},"end":{"line":7,"column":15}},"loc":{"start":{"line":7,"column":30},"end":{"line":10,"column":null}}}},"branchMap":{},"s":{"0":10,"1":2,"2":2},"f":{"0":10,"1":2},"b":{}}
,"/home/ponce/Projeto_Mobile/src/core/domain/use-cases/ListarMedicamentos.ts": {"path":"/home/ponce/Projeto_Mobile/src/core/domain/use-cases/ListarMedicamentos.ts","statementMap":{"0":{"start":{"line":5,"column":22},"end":{"line":5,"column":67}},"1":{"start":{"line":8,"column":4},"end":{"line":8,"column":48}},"2":{"start":{"line":4,"column":0},"end":{"line":4,"column":13}}},"fnMap":{"0":{"name":"(anonymous_7)","decl":{"start":{"line":5,"column":2},"end":{"line":5,"column":22}},"loc":{"start":{"line":5,"column":67},"end":{"line":5,"column":71}}},"1":{"name":"(anonymous_8)","decl":{"start":{"line":7,"column":8},"end":{"line":7,"column":15}},"loc":{"start":{"line":7,"column":15},"end":{"line":9,"column":null}}}},"branchMap":{},"s":{"0":9,"1":2,"2":2},"f":{"0":9,"1":2},"b":{}}
,"/home/ponce/Projeto_Mobile/src/core/domain/use-cases/LoginUser.ts": {"path":"/home/ponce/Projeto_Mobile/src/core/domain/use-cases/LoginUser.ts","statementMap":{"0":{"start":{"line":2,"column":0},"end":{"line":2,"column":47}},"1":{"start":{"line":3,"column":0},"end":{"line":3,"column":53}},"2":{"start":{"line":7,"column":22},"end":{"line":7,"column":53}},"3":{"start":{"line":10,"column":18},"end":{"line":10,"column":42}},"4":{"start":{"line":11,"column":21},"end":{"line":11,"column":51}},"5":{"start":{"line":13,"column":17},"end":{"line":13,"column":67}},"6":{"start":{"line":15,"column":4},"end":{"line":17,"column":5}},"7":{"start":{"line":16,"column":6},"end":{"line":16,"column":18}},"8":{"start":{"line":18,"column":4},"end":{"line":18,"column":16}},"9":{"start":{"line":6,"column":0},"end":{"line":6,"column":13}}},"fnMap":{"0":{"name":"(anonymous_7)","decl":{"start":{"line":7,"column":2},"end":{"line":7,"column":22}},"loc":{"start":{"line":7,"column":53},"end":{"line":7,"column":57}}},"1":{"name":"(anonymous_8)","decl":{"start":{"line":9,"column":8},"end":{"line":9,"column":15}},"loc":{"start":{"line":9,"column":57},"end":{"line":19,"column":null}}}},"branchMap":{"0":{"loc":{"start":{"line":15,"column":4},"end":{"line":17,"column":5}},"type":"if","locations":[{"start":{"line":15,"column":4},"end":{"line":17,"column":5}},{"start":{},"end":{}}]},"1":{"loc":{"start":{"line":15,"column":8},"end":{"line":15,"column":54}},"type":"binary-expr","locations":[{"start":{"line":15,"column":8},"end":{"line":15,"column":12}},{"start":{"line":15,"column":16},"end":{"line":15,"column":54}}]}},"s":{"0":2,"1":2,"2":13,"3":5,"4":4,"5":3,"6":3,"7":1,"8":2,"9":2},"f":{"0":13,"1":5},"b":{"0":[1,2],"1":[3,2]}}
,"/home/ponce/Projeto_Mobile/src/core/domain/use-cases/LogoutUser.ts": {"path":"/home/ponce/Projeto_Mobile/src/core/domain/use-cases/LogoutUser.ts","statementMap":{"0":{"start":{"line":4,"column":4},"end":{"line":4,"column":29}},"1":{"start":{"line":1,"column":0},"end":{"line":1,"column":13}}},"fnMap":{"0":{"name":"(anonymous_7)","decl":{"start":{"line":2,"column":8},"end":{"line":2,"column":15}},"loc":{"start":{"line":2,"column":15},"end":{"line":5,"column":null}}}},"branchMap":{},"s":{"0":1,"1":2},"f":{"0":1},"b":{}}
,"/home/ponce/Projeto_Mobile/src/core/domain/use-cases/ObterMedicamentoPorId.ts": {"path":"/home/ponce/Projeto_Mobile/src/core/domain/use-cases/ObterMedicamentoPorId.ts","statementMap":{"0":{"start":{"line":5,"column":22},"end":{"line":5,"column":67}},"1":{"start":{"line":8,"column":4},"end":{"line":8,"column":51}},"2":{"start":{"line":4,"column":0},"end":{"line":4,"column":13}}},"fnMap":{"0":{"name":"(anonymous_7)","decl":{"start":{"line":5,"column":2},"end":{"line":5,"column":22}},"loc":{"start":{"line":5,"column":67},"end":{"line":5,"column":71}}},"1":{"name":"(anonymous_8)","decl":{"start":{"line":7,"column":8},"end":{"line":7,"column":15}},"loc":{"start":{"line":7,"column":26},"end":{"line":9,"column":null}}}},"branchMap":{},"s":{"0":9,"1":2,"2":2},"f":{"0":9,"1":2},"b":{}}
,"/home/ponce/Projeto_Mobile/src/core/domain/use-cases/RegisterUser.ts": {"path":"/home/ponce/Projeto_Mobile/src/core/domain/use-cases/RegisterUser.ts","statementMap":{"0":{"start":{"line":1,"column":0},"end":{"line":1,"column":40}},"1":{"start":{"line":3,"column":0},"end":{"line":3,"column":45}},"2":{"start":{"line":4,"column":0},"end":{"line":4,"column":47}},"3":{"start":{"line":5,"column":0},"end":{"line":5,"column":53}},"4":{"start":{"line":8,"column":22},"end":{"line":8,"column":53}},"5":{"start":{"line":11,"column":25},"end":{"line":11,"column":69}},"6":{"start":{"line":12,"column":4},"end":{"line":14,"column":5}},"7":{"start":{"line":13,"column":6},"end":{"line":13,"column":61}},"8":{"start":{"line":16,"column":17},"end":{"line":16,"column":99}},"9":{"start":{"line":17,"column":4},"end":{"line":17,"column":41}},"10":{"start":{"line":18,"column":4},"end":{"line":18,"column":16}},"11":{"start":{"line":7,"column":0},"end":{"line":7,"column":13}}},"fnMap":{"0":{"name":"(anonymous_7)","decl":{"start":{"line":8,"column":2},"end":{"line":8,"column":22}},"loc":{"start":{"line":8,"column":53},"end":{"line":8,"column":57}}},"1":{"name":"(anonymous_8)","decl":{"start":{"line":10,"column":8},"end":{"line":10,"column":15}},"loc":{"start":{"line":10,"column":73},"end":{"line":19,"column":null}}}},"branchMap":{"0":{"loc":{"start":{"line":12,"column":4},"end":{"line":14,"column":5}},"type":"if","locations":[{"start":{"line":12,"column":4},"end":{"line":14,"column":5}},{"start":{},"end":{}}]}},"s":{"0":2,"1":2,"2":2,"3":2,"4":12,"5":4,"6":4,"7":1,"8":3,"9":1,"10":1,"11":2},"f":{"0":12,"1":4},"b":{"0":[1,3]}}
,"/home/ponce/Projeto_Mobile/src/core/domain/use-cases/UpdateUser.ts": {"path":"/home/ponce/Projeto_Mobile/src/core/domain/use-cases/UpdateUser.ts","statementMap":{"0":{"start":{"line":5,"column":22},"end":{"line":5,"column":53}},"1":{"start":{"line":9,"column":4},"end":{"line":9,"column":44}},"2":{"start":{"line":4,"column":0},"end":{"line":4,"column":13}}},"fnMap":{"0":{"name":"(anonymous_7)","decl":{"start":{"line":5,"column":2},"end":{"line":5,"column":22}},"loc":{"start":{"line":5,"column":53},"end":{"line":5,"column":57}}},"1":{"name":"(anonymous_8)","decl":{"start":{"line":7,"column":8},"end":{"line":7,"column":15}},"loc":{"start":{"line":7,"column":26},"end":{"line":10,"column":null}}}},"branchMap":{},"s":{"0":9,"1":1,"2":2},"f":{"0":9,"1":1},"b":{}}
,"/home/ponce/Projeto_Mobile/src/core/domain/value-objects/Email.ts": {"path":"/home/ponce/Projeto_Mobile/src/core/domain/value-objects/Email.ts","statementMap":{"0":{"start":{"line":2,"column":31},"end":{"line":2,"column":44}},"1":{"start":{"line":5,"column":4},"end":{"line":7,"column":5}},"2":{"start":{"line":6,"column":6},"end":{"line":6,"column":39}},"3":{"start":{"line":8,"column":4},"end":{"line":8,"column":28}},"4":{"start":{"line":12,"column":23},"end":{"line":12,"column":58}},"5":{"start":{"line":13,"column":4},"end":{"line":13,"column":34}},"6":{"start":{"line":1,"column":0},"end":{"line":1,"column":13}}},"fnMap":{"0":{"name":"(anonymous_0)","decl":{"start":{"line":2,"column":2},"end":{"line":2,"column":31}},"loc":{"start":{"line":2,"column":44},"end":{"line":2,"column":48}}},"1":{"name":"(anonymous_1)","decl":{"start":{"line":4,"column":2},"end":{"line":4,"column":8}},"loc":{"start":{"line":4,"column":29},"end":{"line":9,"column":3}}},"2":{"name":"(anonymous_2)","decl":{"start":{"line":11,"column":10},"end":{"line":11,"column":16}},"loc":{"start":{"line":11,"column":39},"end":{"line":14,"column":3}}}},"branchMap":{"0":{"loc":{"start":{"line":5,"column":4},"end":{"line":7,"column":5}},"type":"if","locations":[{"start":{"line":5,"column":4},"end":{"line":7,"column":5}},{"start":{},"end":{}}]}},"s":{"0":20,"1":23,"2":3,"3":20,"4":23,"5":23,"6":9},"f":{"0":20,"1":23,"2":23},"b":{"0":[3,20]}}
,"/home/ponce/Projeto_Mobile/src/core/domain/value-objects/Name.ts": {"path":"/home/ponce/Projeto_Mobile/src/core/domain/value-objects/Name.ts","statementMap":{"0":{"start":{"line":2,"column":31},"end":{"line":2,"column":44}},"1":{"start":{"line":5,"column":4},"end":{"line":7,"column":5}},"2":{"start":{"line":6,"column":6},"end":{"line":6,"column":38}},"3":{"start":{"line":8,"column":4},"end":{"line":8,"column":26}},"4":{"start":{"line":12,"column":4},"end":{"line":12,"column":27}},"5":{"start":{"line":1,"column":0},"end":{"line":1,"column":13}}},"fnMap":{"0":{"name":"(anonymous_0)","decl":{"start":{"line":2,"column":2},"end":{"line":2,"column":31}},"loc":{"start":{"line":2,"column":44},"end":{"line":2,"column":48}}},"1":{"name":"(anonymous_1)","decl":{"start":{"line":4,"column":2},"end":{"line":4,"column":8}},"loc":{"start":{"line":4,"column":28},"end":{"line":9,"column":3}}},"2":{"name":"(anonymous_2)","decl":{"start":{"line":11,"column":10},"end":{"line":11,"column":16}},"loc":{"start":{"line":11,"column":38},"end":{"line":13,"column":3}}}},"branchMap":{"0":{"loc":{"start":{"line":5,"column":4},"end":{"line":7,"column":5}},"type":"if","locations":[{"start":{"line":5,"column":4},"end":{"line":7,"column":5}},{"start":{},"end":{}}]}},"s":{"0":18,"1":20,"2":2,"3":18,"4":20,"5":9},"f":{"0":18,"1":20,"2":20},"b":{"0":[2,18]}}
,"/home/ponce/Projeto_Mobile/src/core/domain/value-objects/Password.ts": {"path":"/home/ponce/Projeto_Mobile/src/core/domain/value-objects/Password.ts","statementMap":{"0":{"start":{"line":2,"column":31},"end":{"line":2,"column":44}},"1":{"start":{"line":5,"column":4},"end":{"line":7,"column":5}},"2":{"start":{"line":6,"column":6},"end":{"line":6,"column":42}},"3":{"start":{"line":8,"column":4},"end":{"line":8,"column":34}},"4":{"start":{"line":12,"column":4},"end":{"line":12,"column":32}},"5":{"start":{"line":1,"column":0},"end":{"line":1,"column":13}}},"fnMap":{"0":{"name":"(anonymous_0)","decl":{"start":{"line":2,"column":2},"end":{"line":2,"column":31}},"loc":{"start":{"line":2,"column":44},"end":{"line":2,"column":48}}},"1":{"name":"(anonymous_1)","decl":{"start":{"line":4,"column":2},"end":{"line":4,"column":8}},"loc":{"start":{"line":4,"column":32},"end":{"line":9,"column":3}}},"2":{"name":"(anonymous_2)","decl":{"start":{"line":11,"column":10},"end":{"line":11,"column":16}},"loc":{"start":{"line":11,"column":42},"end":{"line":13,"column":3}}}},"branchMap":{"0":{"loc":{"start":{"line":5,"column":4},"end":{"line":7,"column":5}},"type":"if","locations":[{"start":{"line":5,"column":4},"end":{"line":7,"column":5}},{"start":{},"end":{}}]}},"s":{"0":19,"1":21,"2":2,"3":19,"4":21,"5":9},"f":{"0":19,"1":21,"2":21},"b":{"0":[2,19]}}
,"/home/ponce/Projeto_Mobile/src/core/factories/MakeMedicamentoUseCases.ts": {"path":"/home/ponce/Projeto_Mobile/src/core/factories/MakeMedicamentoUseCases.ts","statementMap":{"0":{"start":{"line":9,"column":0},"end":{"line":9,"column":16}},"1":{"start":{"line":2,"column":0},"end":{"line":2,"column":80}},"2":{"start":{"line":3,"column":0},"end":{"line":3,"column":74}},"3":{"start":{"line":4,"column":0},"end":{"line":4,"column":76}},"4":{"start":{"line":5,"column":0},"end":{"line":5,"column":76}},"5":{"start":{"line":6,"column":0},"end":{"line":6,"column":82}},"6":{"start":{"line":7,"column":0},"end":{"line":7,"column":92}},"7":{"start":{"line":10,"column":56},"end":{"line":10,"column":87}},"8":{"start":{"line":12,"column":31},"end":{"line":12,"column":78}},"9":{"start":{"line":13,"column":28},"end":{"line":13,"column":72}},"10":{"start":{"line":14,"column":29},"end":{"line":14,"column":74}},"11":{"start":{"line":15,"column":29},"end":{"line":15,"column":74}},"12":{"start":{"line":16,"column":32},"end":{"line":16,"column":80}},"13":{"start":{"line":18,"column":2},"end":{"line":24,"column":4}}},"fnMap":{"0":{"name":"makeMedicamentoUseCases","decl":{"start":{"line":9,"column":16},"end":{"line":9,"column":39}},"loc":{"start":{"line":9,"column":39},"end":{"line":25,"column":1}}}},"branchMap":{},"s":{"0":1,"1":1,"2":1,"3":1,"4":1,"5":1,"6":1,"7":7,"8":7,"9":7,"10":7,"11":7,"12":7,"13":7},"f":{"0":7},"b":{}}
,"/home/ponce/Projeto_Mobile/src/core/factories/MakeUserUseCases.ts": {"path":"/home/ponce/Projeto_Mobile/src/core/factories/MakeUserUseCases.ts","statementMap":{"0":{"start":{"line":10,"column":0},"end":{"line":10,"column":16}},"1":{"start":{"line":2,"column":0},"end":{"line":2,"column":58}},"2":{"start":{"line":3,"column":0},"end":{"line":3,"column":64}},"3":{"start":{"line":4,"column":0},"end":{"line":4,"column":60}},"4":{"start":{"line":5,"column":0},"end":{"line":5,"column":60}},"5":{"start":{"line":6,"column":0},"end":{"line":6,"column":60}},"6":{"start":{"line":7,"column":0},"end":{"line":7,"column":56}},"7":{"start":{"line":8,"column":0},"end":{"line":8,"column":78}},"8":{"start":{"line":11,"column":42},"end":{"line":11,"column":66}},"9":{"start":{"line":13,"column":23},"end":{"line":13,"column":55}},"10":{"start":{"line":14,"column":20},"end":{"line":14,"column":49}},"11":{"start":{"line":15,"column":21},"end":{"line":15,"column":37}},"12":{"start":{"line":16,"column":21},"end":{"line":16,"column":51}},"13":{"start":{"line":17,"column":21},"end":{"line":17,"column":51}},"14":{"start":{"line":18,"column":19},"end":{"line":18,"column":47}},"15":{"start":{"line":20,"column":2},"end":{"line":27,"column":4}}},"fnMap":{"0":{"name":"makeUserUseCases","decl":{"start":{"line":10,"column":16},"end":{"line":10,"column":32}},"loc":{"start":{"line":10,"column":32},"end":{"line":28,"column":1}}}},"branchMap":{},"s":{"0":1,"1":1,"2":1,"3":1,"4":1,"5":1,"6":1,"7":1,"8":8,"9":8,"10":8,"11":8,"12":8,"13":8,"14":8,"15":8},"f":{"0":8},"b":{}}
,"/home/ponce/Projeto_Mobile/src/core/infra/repositories/MockMedicamentoRepository.ts": {"path":"/home/ponce/Projeto_Mobile/src/core/infra/repositories/MockMedicamentoRepository.ts","statementMap":{"0":{"start":{"line":5,"column":10},"end":{"line":5,"column":43}},"1":{"start":{"line":8,"column":4},"end":{"line":8,"column":40}},"2":{"start":{"line":12,"column":4},"end":{"line":12,"column":62}},"3":{"start":{"line":12,"column":41},"end":{"line":12,"column":52}},"4":{"start":{"line":16,"column":4},"end":{"line":16,"column":29}},"5":{"start":{"line":20,"column":18},"end":{"line":20,"column":77}},"6":{"start":{"line":20,"column":53},"end":{"line":20,"column":76}},"7":{"start":{"line":21,"column":4},"end":{"line":23,"column":5}},"8":{"start":{"line":22,"column":6},"end":{"line":22,"column":45}},"9":{"start":{"line":27,"column":4},"end":{"line":27,"column":69}},"10":{"start":{"line":27,"column":56},"end":{"line":27,"column":67}},"11":{"start":{"line":4,"column":0},"end":{"line":4,"column":13}}},"fnMap":{"0":{"name":"(anonymous_7)","decl":{"start":{"line":4,"column":0},"end":{"line":4,"column":13}},"loc":{"start":{"line":4,"column":0},"end":{"line":29,"column":1}}},"1":{"name":"(anonymous_8)","decl":{"start":{"line":7,"column":8},"end":{"line":7,"column":12}},"loc":{"start":{"line":7,"column":37},"end":{"line":9,"column":null}}},"2":{"name":"(anonymous_10)","decl":{"start":{"line":11,"column":8},"end":{"line":11,"column":16}},"loc":{"start":{"line":11,"column":27},"end":{"line":13,"column":null}}},"3":{"name":"(anonymous_12)","decl":{"start":{"line":12,"column":34},"end":{"line":12,"column":35}},"loc":{"start":{"line":12,"column":41},"end":{"line":12,"column":52}}},"4":{"name":"(anonymous_13)","decl":{"start":{"line":15,"column":8},"end":{"line":15,"column":15}},"loc":{"start":{"line":15,"column":15},"end":{"line":17,"column":null}}},"5":{"name":"(anonymous_15)","decl":{"start":{"line":19,"column":8},"end":{"line":19,"column":14}},"loc":{"start":{"line":19,"column":39},"end":{"line":24,"column":null}}},"6":{"name":"(anonymous_17)","decl":{"start":{"line":20,"column":46},"end":{"line":20,"column":47}},"loc":{"start":{"line":20,"column":53},"end":{"line":20,"column":76}}},"7":{"name":"(anonymous_18)","decl":{"start":{"line":26,"column":8},"end":{"line":26,"column":14}},"loc":{"start":{"line":26,"column":25},"end":{"line":28,"column":null}}},"8":{"name":"(anonymous_20)","decl":{"start":{"line":27,"column":49},"end":{"line":27,"column":50}},"loc":{"start":{"line":27,"column":56},"end":{"line":27,"column":67}}}},"branchMap":{"0":{"loc":{"start":{"line":12,"column":11},"end":{"line":12,"column":61}},"type":"binary-expr","locations":[{"start":{"line":12,"column":11},"end":{"line":12,"column":53}},{"start":{"line":12,"column":57},"end":{"line":12,"column":61}}]},"1":{"loc":{"start":{"line":21,"column":4},"end":{"line":23,"column":5}},"type":"if","locations":[{"start":{"line":21,"column":4},"end":{"line":23,"column":5}},{"start":{},"end":{}}]}},"s":{"0":15,"1":8,"2":6,"3":4,"4":1,"5":2,"6":2,"7":2,"8":2,"9":2,"10":2,"11":5},"f":{"0":15,"1":8,"2":6,"3":4,"4":1,"5":2,"6":2,"7":2,"8":2},"b":{"0":[6,2],"1":[2,0]}}
,"/home/ponce/Projeto_Mobile/src/core/infra/repositories/MockUserRepository.ts": {"path":"/home/ponce/Projeto_Mobile/src/core/infra/repositories/MockUserRepository.ts","statementMap":{"0":{"start":{"line":5,"column":10},"end":{"line":5,"column":29}},"1":{"start":{"line":8,"column":4},"end":{"line":8,"column":26}},"2":{"start":{"line":12,"column":4},"end":{"line":12,"column":67}},"3":{"start":{"line":12,"column":34},"end":{"line":12,"column":57}},"4":{"start":{"line":16,"column":4},"end":{"line":16,"column":55}},"5":{"start":{"line":16,"column":34},"end":{"line":16,"column":45}},"6":{"start":{"line":20,"column":18},"end":{"line":20,"column":63}},"7":{"start":{"line":20,"column":46},"end":{"line":20,"column":62}},"8":{"start":{"line":21,"column":4},"end":{"line":23,"column":5}},"9":{"start":{"line":22,"column":6},"end":{"line":22,"column":31}},"10":{"start":{"line":27,"column":4},"end":{"line":27,"column":55}},"11":{"start":{"line":27,"column":42},"end":{"line":27,"column":53}},"12":{"start":{"line":4,"column":0},"end":{"line":4,"column":13}}},"fnMap":{"0":{"name":"(anonymous_7)","decl":{"start":{"line":4,"column":0},"end":{"line":4,"column":13}},"loc":{"start":{"line":4,"column":0},"end":{"line":29,"column":1}}},"1":{"name":"(anonymous_8)","decl":{"start":{"line":7,"column":8},"end":{"line":7,"column":12}},"loc":{"start":{"line":7,"column":23},"end":{"line":9,"column":null}}},"2":{"name":"(anonymous_10)","decl":{"start":{"line":11,"column":8},"end":{"line":11,"column":19}},"loc":{"start":{"line":11,"column":33},"end":{"line":13,"column":null}}},"3":{"name":"(anonymous_12)","decl":{"start":{"line":12,"column":27},"end":{"line":12,"column":28}},"loc":{"start":{"line":12,"column":34},"end":{"line":12,"column":57}}},"4":{"name":"(anonymous_13)","decl":{"start":{"line":15,"column":8},"end":{"line":15,"column":16}},"loc":{"start":{"line":15,"column":27},"end":{"line":17,"column":null}}},"5":{"name":"(anonymous_15)","decl":{"start":{"line":16,"column":27},"end":{"line":16,"column":28}},"loc":{"start":{"line":16,"column":34},"end":{"line":16,"column":45}}},"6":{"name":"(anonymous_16)","decl":{"start":{"line":19,"column":8},"end":{"line":19,"column":14}},"loc":{"start":{"line":19,"column":25},"end":{"line":24,"column":null}}},"7":{"name":"(anonymous_18)","decl":{"start":{"line":20,"column":39},"end":{"line":20,"column":40}},"loc":{"start":{"line":20,"column":46},"end":{"line":20,"column":62}}},"8":{"name":"(anonymous_19)","decl":{"start":{"line":26,"column":8},"end":{"line":26,"column":14}},"loc":{"start":{"line":26,"column":25},"end":{"line":28,"column":null}}},"9":{"name":"(anonymous_21)","decl":{"start":{"line":27,"column":35},"end":{"line":27,"column":36}},"loc":{"start":{"line":27,"column":42},"end":{"line":27,"column":53}}}},"branchMap":{"0":{"loc":{"start":{"line":12,"column":11},"end":{"line":12,"column":66}},"type":"binary-expr","locations":[{"start":{"line":12,"column":11},"end":{"line":12,"column":58}},{"start":{"line":12,"column":62},"end":{"line":12,"column":66}}]},"1":{"loc":{"start":{"line":16,"column":11},"end":{"line":16,"column":54}},"type":"binary-expr","locations":[{"start":{"line":16,"column":11},"end":{"line":16,"column":46}},{"start":{"line":16,"column":50},"end":{"line":16,"column":54}}]},"2":{"loc":{"start":{"line":21,"column":4},"end":{"line":23,"column":5}},"type":"if","locations":[{"start":{"line":21,"column":4},"end":{"line":23,"column":5}},{"start":{},"end":{}}]}},"s":{"0":18,"1":8,"2":1,"3":1,"4":8,"5":5,"6":2,"7":2,"8":2,"9":2,"10":2,"11":2,"12":5},"f":{"0":18,"1":8,"2":1,"3":1,"4":8,"5":5,"6":2,"7":2,"8":2,"9":2},"b":{"0":[1,0],"1":[8,3],"2":[2,0]}}
}
