TN:
SF:src/assets/Lixeira.png
FNF:0
FNH:0
DA:1,2
LF:1
LH:1
BRF:0
BRH:0
end_of_record
TN:
SF:src/assets/Logo.png
FNF:0
FNH:0
DA:1,1
LF:1
LH:1
BRF:0
BRH:0
end_of_record
TN:
SF:src/assets/LogoCadastro.png
FNF:0
FNH:0
DA:1,2
LF:1
LH:1
BRF:0
BRH:0
end_of_record
TN:
SF:src/assets/facebook.png
FNF:0
FNH:0
DA:1,1
LF:1
LH:1
BRF:0
BRH:0
end_of_record
TN:
SF:src/assets/google.png
FNF:0
FNH:0
DA:1,1
LF:1
LH:1
BRF:0
BRH:0
end_of_record
TN:
SF:src/assets/lapisEditar.png
FNF:0
FNH:0
DA:1,2
LF:1
LH:1
BRF:0
BRH:0
end_of_record
TN:
SF:src/assets/mainicone.png
FNF:0
FNH:0
DA:1,2
LF:1
LH:1
BRF:0
BRH:0
end_of_record
TN:
SF:src/assets/mapaicone.png
FNF:0
FNH:0
DA:1,2
LF:1
LH:1
BRF:0
BRH:0
end_of_record
TN:
SF:src/assets/notificacaoSino.png
FNF:0
FNH:0
DA:1,2
LF:1
LH:1
BRF:0
BRH:0
end_of_record
TN:
SF:src/assets/perfilicone.png
FNF:0
FNH:0
DA:1,2
LF:1
LH:1
BRF:0
BRH:0
end_of_record
TN:
SF:src/assets/relogio.png
FNF:0
FNH:0
DA:1,2
LF:1
LH:1
BRF:0
BRH:0
end_of_record
TN:
SF:src/components/index.ts
FNF:0
FNH:0
LF:0
LH:0
BRF:0
BRH:0
end_of_record
TN:
SF:src/components/ButtonInterface/index.tsx
FNF:0
FNH:0
LF:0
LH:0
BRF:0
BRH:0
end_of_record
TN:
SF:src/components/Header/index.tsx
FN:14,Header
FN:18,(anonymous_1)
FNF:2
FNH:1
FNDA:4,Header
FNDA:0,(anonymous_1)
DA:8,2
DA:15,4
DA:16,4
DA:18,4
DA:19,0
DA:22,4
LF:6
LH:5
BRF:0
BRH:0
end_of_record
TN:
SF:src/components/Header/styles.ts
FNF:0
FNH:0
DA:3,2
LF:1
LH:1
BRF:0
BRH:0
end_of_record
TN:
SF:src/components/Loading/index.tsx
FNF:0
FNH:0
LF:0
LH:0
BRF:0
BRH:0
end_of_record
TN:
SF:src/context/MedicamentoContext.tsx
FN:23,(anonymous_0)
FN:55,(anonymous_1)
FN:56,(anonymous_2)
FN:57,(anonymous_3)
FN:60,(anonymous_4)
FN:61,(anonymous_5)
FN:62,(anonymous_6)
FN:68,(anonymous_7)
FN:69,(anonymous_8)
FN:69,(anonymous_9)
FN:84,(anonymous_10)
FNF:11
FNH:11
FNDA:5,(anonymous_0)
FNDA:1,(anonymous_1)
FNDA:3,(anonymous_2)
FNDA:1,(anonymous_3)
FNDA:1,(anonymous_4)
FNDA:1,(anonymous_5)
FNDA:4,(anonymous_6)
FNDA:1,(anonymous_7)
FNDA:1,(anonymous_8)
FNDA:4,(anonymous_9)
FNDA:12,(anonymous_10)
DA:21,2
DA:23,2
DA:24,5
DA:55,5
DA:56,3
DA:57,1
DA:60,5
DA:61,1
DA:62,1
DA:63,4
DA:68,5
DA:69,4
DA:72,5
DA:84,2
DA:85,12
DA:86,12
DA:87,0
DA:89,12
LF:18
LH:17
BRDA:56,0,0,1
BRDA:56,0,1,0
BRDA:63,1,0,1
BRDA:63,1,1,3
BRDA:86,2,0,0
BRDA:86,2,1,12
BRF:6
BRH:4
end_of_record
TN:
SF:src/context/auth.tsx
FN:49,AuthProvider
FN:53,(anonymous_1)
FN:55,(anonymous_2)
FN:59,(anonymous_3)
FN:73,(anonymous_4)
FN:78,(anonymous_5)
FN:80,(anonymous_6)
FN:83,(anonymous_7)
FN:117,useAuth
FNF:9
FNH:6
FNDA:2,AuthProvider
FNDA:1,(anonymous_1)
FNDA:1,(anonymous_2)
FNDA:0,(anonymous_3)
FNDA:0,(anonymous_4)
FNDA:1,(anonymous_5)
FNDA:1,(anonymous_6)
FNDA:0,(anonymous_7)
FNDA:15,useAuth
DA:24,2
DA:46,2
DA:50,2
DA:53,2
DA:55,1
DA:58,0
DA:59,0
DA:62,0
DA:64,0
DA:65,0
DA:66,0
DA:69,0
DA:73,2
DA:74,0
DA:78,2
DA:80,1
DA:83,0
DA:85,0
DA:86,0
DA:90,0
DA:96,0
DA:99,2
DA:101,2
DA:118,15
DA:120,15
DA:121,0
DA:124,15
LF:27
LH:13
BRDA:59,0,0,0
BRDA:59,0,1,0
BRDA:62,1,0,0
BRDA:62,1,1,0
BRDA:85,2,0,0
BRDA:85,2,1,0
BRDA:120,3,0,0
BRDA:120,3,1,15
BRF:8
BRH:1
end_of_record
TN:
SF:src/core/domain/entities/User.ts
FN:6,(anonymous_0)
FN:13,(anonymous_1)
FNF:2
FNH:2
FNDA:16,(anonymous_0)
FNDA:16,(anonymous_1)
DA:19,16
LF:1
LH:1
BRF:0
BRH:0
end_of_record
TN:
SF:src/core/domain/use-cases/AdicionarMedicamento.ts
FN:5,(anonymous_0)
FN:7,(anonymous_1)
FNF:2
FNH:2
FNDA:8,(anonymous_0)
FNDA:1,(anonymous_1)
DA:8,1
LF:1
LH:1
BRF:0
BRH:0
end_of_record
TN:
SF:src/core/domain/use-cases/DeleteUser.ts
FN:4,(anonymous_0)
FN:6,(anonymous_1)
FNF:2
FNH:2
FNDA:9,(anonymous_0)
FNDA:1,(anonymous_1)
DA:8,1
LF:1
LH:1
BRF:0
BRH:0
end_of_record
TN:
SF:src/core/domain/use-cases/EditarMedicamento.ts
FN:5,(anonymous_0)
FN:7,(anonymous_1)
FNF:2
FNH:2
FNDA:8,(anonymous_0)
FNDA:1,(anonymous_1)
DA:8,1
LF:1
LH:1
BRF:0
BRH:0
end_of_record
TN:
SF:src/core/domain/use-cases/ExcluirMedicamento.ts
FN:4,(anonymous_0)
FN:6,(anonymous_1)
FNF:2
FNH:2
FNDA:8,(anonymous_0)
FNDA:1,(anonymous_1)
DA:7,1
LF:1
LH:1
BRF:0
BRH:0
end_of_record
TN:
SF:src/core/domain/use-cases/FindUser.ts
FN:5,(anonymous_0)
FN:7,(anonymous_1)
FNF:2
FNH:2
FNDA:10,(anonymous_0)
FNDA:2,(anonymous_1)
DA:9,2
LF:1
LH:1
BRF:0
BRH:0
end_of_record
TN:
SF:src/core/domain/use-cases/ListarMedicamentos.ts
FN:5,(anonymous_0)
FN:7,(anonymous_1)
FNF:2
FNH:2
FNDA:9,(anonymous_0)
FNDA:2,(anonymous_1)
DA:8,2
LF:1
LH:1
BRF:0
BRH:0
end_of_record
TN:
SF:src/core/domain/use-cases/LoginUser.ts
FN:7,(anonymous_0)
FN:9,(anonymous_1)
FNF:2
FNH:2
FNDA:13,(anonymous_0)
FNDA:5,(anonymous_1)
DA:10,5
DA:11,4
DA:13,3
DA:15,3
DA:16,1
DA:18,2
LF:6
LH:6
BRDA:15,0,0,1
BRDA:15,0,1,2
BRDA:15,1,0,3
BRDA:15,1,1,2
BRF:4
BRH:4
end_of_record
TN:
SF:src/core/domain/use-cases/LogoutUser.ts
FN:2,(anonymous_0)
FNF:1
FNH:1
FNDA:1,(anonymous_0)
DA:4,1
LF:1
LH:1
BRF:0
BRH:0
end_of_record
TN:
SF:src/core/domain/use-cases/ObterMedicamentoPorId.ts
FN:5,(anonymous_0)
FN:7,(anonymous_1)
FNF:2
FNH:2
FNDA:9,(anonymous_0)
FNDA:2,(anonymous_1)
DA:8,2
LF:1
LH:1
BRF:0
BRH:0
end_of_record
TN:
SF:src/core/domain/use-cases/RegisterUser.ts
FN:8,(anonymous_0)
FN:10,(anonymous_1)
FNF:2
FNH:2
FNDA:12,(anonymous_0)
FNDA:4,(anonymous_1)
DA:11,4
DA:12,4
DA:13,1
DA:16,3
DA:17,1
DA:18,1
LF:6
LH:6
BRDA:12,0,0,1
BRDA:12,0,1,3
BRF:2
BRH:2
end_of_record
TN:
SF:src/core/domain/use-cases/UpdateUser.ts
FN:5,(anonymous_0)
FN:7,(anonymous_1)
FNF:2
FNH:2
FNDA:9,(anonymous_0)
FNDA:1,(anonymous_1)
DA:9,1
LF:1
LH:1
BRF:0
BRH:0
end_of_record
TN:
SF:src/core/domain/value-objects/Email.ts
FN:2,(anonymous_0)
FN:4,(anonymous_1)
FN:11,(anonymous_2)
FNF:3
FNH:3
FNDA:20,(anonymous_0)
FNDA:23,(anonymous_1)
FNDA:23,(anonymous_2)
DA:5,23
DA:6,3
DA:8,20
DA:12,23
DA:13,23
LF:5
LH:5
BRDA:5,0,0,3
BRDA:5,0,1,20
BRF:2
BRH:2
end_of_record
TN:
SF:src/core/domain/value-objects/Name.ts
FN:2,(anonymous_0)
FN:4,(anonymous_1)
FN:11,(anonymous_2)
FNF:3
FNH:3
FNDA:18,(anonymous_0)
FNDA:20,(anonymous_1)
FNDA:20,(anonymous_2)
DA:5,20
DA:6,2
DA:8,18
DA:12,20
LF:4
LH:4
BRDA:5,0,0,2
BRDA:5,0,1,18
BRF:2
BRH:2
end_of_record
TN:
SF:src/core/domain/value-objects/Password.ts
FN:2,(anonymous_0)
FN:4,(anonymous_1)
FN:11,(anonymous_2)
FNF:3
FNH:3
FNDA:19,(anonymous_0)
FNDA:21,(anonymous_1)
FNDA:21,(anonymous_2)
DA:5,21
DA:6,2
DA:8,19
DA:12,21
LF:4
LH:4
BRDA:5,0,0,2
BRDA:5,0,1,19
BRF:2
BRH:2
end_of_record
TN:
SF:src/core/factories/MakeMedicamentoUseCases.ts
FN:9,makeMedicamentoUseCases
FNF:1
FNH:1
FNDA:7,makeMedicamentoUseCases
DA:10,7
DA:12,7
DA:13,7
DA:14,7
DA:15,7
DA:16,7
DA:18,7
LF:7
LH:7
BRF:0
BRH:0
end_of_record
TN:
SF:src/core/factories/MakeUserUseCases.ts
FN:10,makeUserUseCases
FNF:1
FNH:1
FNDA:8,makeUserUseCases
DA:11,8
DA:13,8
DA:14,8
DA:15,8
DA:16,8
DA:17,8
DA:18,8
DA:20,8
LF:8
LH:8
BRF:0
BRH:0
end_of_record
TN:
SF:src/core/infra/repositories/MockMedicamentoRepository.ts
FN:7,(anonymous_0)
FN:11,(anonymous_1)
FN:12,(anonymous_2)
FN:15,(anonymous_3)
FN:19,(anonymous_4)
FN:20,(anonymous_5)
FN:26,(anonymous_6)
FN:27,(anonymous_7)
FNF:8
FNH:8
FNDA:8,(anonymous_0)
FNDA:6,(anonymous_1)
FNDA:4,(anonymous_2)
FNDA:1,(anonymous_3)
FNDA:2,(anonymous_4)
FNDA:2,(anonymous_5)
FNDA:2,(anonymous_6)
FNDA:2,(anonymous_7)
DA:5,15
DA:8,8
DA:12,6
DA:16,1
DA:20,2
DA:21,2
DA:22,2
DA:27,2
LF:8
LH:8
BRDA:12,0,0,6
BRDA:12,0,1,2
BRDA:21,1,0,2
BRDA:21,1,1,0
BRF:4
BRH:3
end_of_record
TN:
SF:src/core/infra/repositories/MockUserRepository.ts
FN:7,(anonymous_0)
FN:14,(anonymous_1)
FN:19,(anonymous_2)
FN:23,(anonymous_3)
FN:24,(anonymous_4)
FN:27,(anonymous_5)
FN:28,(anonymous_6)
FN:31,(anonymous_7)
FN:32,(anonymous_8)
FN:38,(anonymous_9)
FN:39,(anonymous_10)
FNF:11
FNH:11
FNDA:1,(anonymous_0)
FNDA:1,(anonymous_1)
FNDA:8,(anonymous_2)
FNDA:1,(anonymous_3)
FNDA:1,(anonymous_4)
FNDA:8,(anonymous_5)
FNDA:5,(anonymous_6)
FNDA:2,(anonymous_7)
FNDA:2,(anonymous_8)
FNDA:2,(anonymous_9)
FNDA:2,(anonymous_10)
DA:6,19
DA:8,1
DA:9,1
DA:11,1
DA:15,1
DA:20,8
DA:24,1
DA:28,8
DA:32,2
DA:33,2
DA:34,2
DA:39,2
LF:12
LH:12
BRDA:8,0,0,1
BRDA:8,0,1,0
BRDA:24,1,0,1
BRDA:24,1,1,0
BRDA:28,2,0,8
BRDA:28,2,1,3
BRDA:33,3,0,2
BRDA:33,3,1,0
BRF:8
BRH:5
end_of_record
TN:
SF:src/screens/AdicionarMedicamento/index.tsx
FN:9,AdicionarMedicamento
FN:17,(anonymous_1)
FN:35,(anonymous_2)
FN:39,(anonymous_3)
FNF:4
FNH:2
FNDA:6,AdicionarMedicamento
FNDA:1,(anonymous_1)
FNDA:0,(anonymous_2)
FNDA:0,(anonymous_3)
DA:7,1
DA:10,6
DA:11,6
DA:12,6
DA:13,6
DA:14,6
DA:15,6
DA:17,6
DA:18,1
DA:19,0
DA:20,0
DA:23,1
DA:31,1
DA:32,1
DA:35,6
DA:36,0
DA:39,6
DA:40,0
DA:43,6
LF:19
LH:15
BRDA:18,0,0,0
BRDA:18,0,1,1
BRDA:18,1,0,1
BRDA:18,1,1,1
BRDA:18,1,2,1
BRDA:18,1,3,1
BRDA:18,1,4,1
BRDA:46,2,0,6
BRDA:46,2,1,0
BRDA:47,3,0,6
BRDA:47,3,1,0
BRF:11
BRH:8
end_of_record
TN:
SF:src/screens/AdicionarMedicamento/styles.ts
FNF:0
FNH:0
DA:3,1
LF:1
LH:1
BRF:0
BRH:0
end_of_record
TN:
SF:src/screens/EditarMedicamento/index.tsx
FN:9,EditarMedicamento
FN:12,(anonymous_1)
FN:20,(anonymous_2)
FN:29,(anonymous_3)
FN:48,(anonymous_4)
FN:52,(anonymous_5)
FNF:6
FNH:4
FNDA:2,EditarMedicamento
FNDA:8,(anonymous_1)
FNDA:1,(anonymous_2)
FNDA:1,(anonymous_3)
FNDA:0,(anonymous_4)
FNDA:0,(anonymous_5)
DA:7,1
DA:10,2
DA:11,2
DA:12,8
DA:14,2
DA:15,2
DA:16,2
DA:17,2
DA:18,2
DA:20,2
DA:21,1
DA:22,1
DA:23,1
DA:24,1
DA:25,1
DA:29,2
DA:30,1
DA:31,0
DA:32,0
DA:35,1
DA:44,1
DA:45,1
DA:48,2
DA:49,0
DA:52,2
DA:53,0
DA:56,2
LF:27
LH:23
BRDA:14,0,0,2
BRDA:14,0,1,0
BRDA:15,1,0,2
BRDA:15,1,1,0
BRDA:16,2,0,2
BRDA:16,2,1,0
BRDA:18,3,0,2
BRDA:18,3,1,0
BRDA:21,4,0,1
BRDA:21,4,1,0
BRDA:30,5,0,0
BRDA:30,5,1,1
BRDA:59,6,0,2
BRDA:59,6,1,0
BRDA:60,7,0,2
BRDA:60,7,1,0
BRF:16
BRH:8
end_of_record
TN:
SF:src/screens/EditarMedicamento/styles.ts
FNF:0
FNH:0
DA:3,1
LF:1
LH:1
BRF:0
BRH:0
end_of_record
TN:
SF:src/screens/Login/index.tsx
FN:15,Login
FN:21,(anonymous_1)
FN:117,(anonymous_2)
FNF:3
FNH:2
FNDA:4,Login
FNDA:1,(anonymous_1)
FNDA:0,(anonymous_2)
DA:7,1
DA:8,1
DA:9,1
DA:16,4
DA:17,4
DA:18,4
DA:19,4
DA:21,4
DA:22,1
DA:23,0
DA:24,0
DA:27,1
DA:29,1
DA:30,1
DA:32,0
DA:34,0
DA:36,0
DA:39,0
DA:41,0
DA:45,4
DA:117,0
LF:21
LH:13
BRDA:22,0,0,0
BRDA:22,0,1,1
BRDA:22,1,0,1
BRDA:22,1,1,1
BRDA:32,2,0,0
BRDA:32,2,1,0
BRDA:48,3,0,4
BRDA:48,3,1,0
BRDA:49,4,0,4
BRDA:49,4,1,0
BRDA:86,5,0,4
BRDA:86,5,1,1
BRDA:90,6,0,1
BRDA:90,6,1,3
BRF:14
BRH:9
end_of_record
TN:
SF:src/screens/Login/styles.ts
FNF:0
FNH:0
DA:3,1
LF:1
LH:1
BRF:0
BRH:0
end_of_record
TN:
SF:src/screens/MainScreen/index.tsx
FN:24,MainScreen
FN:29,(anonymous_1)
FN:33,(anonymous_2)
FN:37,(anonymous_3)
FN:68,(anonymous_4)
FN:92,(anonymous_5)
FN:99,(anonymous_6)
FNF:7
FNH:7
FNDA:4,MainScreen
FNDA:1,(anonymous_1)
FNDA:1,(anonymous_2)
FNDA:1,(anonymous_3)
FNDA:14,(anonymous_4)
FNDA:1,(anonymous_5)
FNDA:1,(anonymous_6)
DA:10,2
DA:11,2
DA:12,2
DA:13,2
DA:14,2
DA:15,2
DA:16,2
DA:25,4
DA:26,4
DA:27,4
DA:29,4
DA:30,1
DA:33,4
DA:34,1
DA:37,4
DA:38,1
DA:41,4
DA:69,14
DA:92,1
DA:99,1
LF:20
LH:20
BRF:0
BRH:0
end_of_record
TN:
SF:src/screens/MainScreen/styles.ts
FNF:0
FNH:0
DA:3,2
LF:1
LH:1
BRF:0
BRH:0
end_of_record
TN:
SF:src/screens/Register/index.tsx
FN:13,Register
FN:22,(anonymous_1)
FN:48,(anonymous_2)
FN:64,(anonymous_3)
FN:159,(anonymous_4)
FNF:5
FNH:4
FNDA:7,Register
FNDA:1,(anonymous_1)
FNDA:1,(anonymous_2)
FNDA:0,(anonymous_3)
FNDA:1,(anonymous_4)
DA:7,1
DA:14,7
DA:15,7
DA:16,7
DA:17,7
DA:18,7
DA:19,7
DA:20,7
DA:22,7
DA:23,1
DA:24,0
DA:25,0
DA:28,1
DA:29,0
DA:30,0
DA:33,1
DA:34,0
DA:35,0
DA:39,1
DA:40,1
DA:41,0
DA:42,0
DA:45,1
DA:48,7
DA:49,1
DA:50,0
DA:53,1
DA:55,1
DA:56,1
DA:58,0
DA:60,0
DA:64,0
DA:69,0
DA:72,0
DA:74,0
DA:78,7
DA:159,1
LF:37
LH:22
BRDA:23,0,0,0
BRDA:23,0,1,1
BRDA:23,1,0,1
BRDA:23,1,1,1
BRDA:23,1,2,1
BRDA:23,1,3,1
BRDA:23,1,4,1
BRDA:28,2,0,0
BRDA:28,2,1,1
BRDA:33,3,0,0
BRDA:33,3,1,1
BRDA:40,4,0,0
BRDA:40,4,1,1
BRDA:49,5,0,0
BRDA:49,5,1,1
BRDA:58,6,0,0
BRDA:58,6,1,0
BRDA:81,7,0,7
BRDA:81,7,1,0
BRDA:82,8,0,7
BRDA:82,8,1,0
BRDA:148,9,0,7
BRDA:148,9,1,1
BRDA:152,10,0,1
BRDA:152,10,1,6
BRF:25
BRH:16
end_of_record
TN:
SF:src/screens/Register/styles.ts
FNF:0
FNH:0
DA:3,1
LF:1
LH:1
BRF:0
BRH:0
end_of_record
