TN:
SF:src/core/domain/entities/User.ts
FN:6,(anonymous_0)
FN:13,(anonymous_1)
FNF:2
FNH:2
FNDA:16,(anonymous_0)
FNDA:16,(anonymous_1)
DA:5,8
DA:7,16
DA:8,16
DA:9,16
DA:10,16
DA:19,16
LF:6
LH:6
BRF:0
BRH:0
end_of_record
TN:
SF:src/core/domain/use-cases/AdicionarMedicamento.ts
FN:5,(anonymous_7)
FN:7,(anonymous_8)
FNF:2
FNH:2
FNDA:8,(anonymous_7)
FNDA:1,(anonymous_8)
DA:4,2
DA:5,8
DA:8,1
LF:3
LH:3
BRF:0
BRH:0
end_of_record
TN:
SF:src/core/domain/use-cases/DeleteUser.ts
FN:4,(anonymous_7)
FN:6,(anonymous_8)
FNF:2
FNH:2
FNDA:9,(anonymous_7)
FNDA:1,(anonymous_8)
DA:3,2
DA:4,9
DA:8,1
LF:3
LH:3
BRF:0
BRH:0
end_of_record
TN:
SF:src/core/domain/use-cases/EditarMedicamento.ts
FN:5,(anonymous_7)
FN:7,(anonymous_8)
FNF:2
FNH:2
FNDA:8,(anonymous_7)
FNDA:1,(anonymous_8)
DA:4,2
DA:5,8
DA:8,1
LF:3
LH:3
BRF:0
BRH:0
end_of_record
TN:
SF:src/core/domain/use-cases/ExcluirMedicamento.ts
FN:4,(anonymous_7)
FN:6,(anonymous_8)
FNF:2
FNH:2
FNDA:8,(anonymous_7)
FNDA:1,(anonymous_8)
DA:3,2
DA:4,8
DA:7,1
LF:3
LH:3
BRF:0
BRH:0
end_of_record
TN:
SF:src/core/domain/use-cases/FindUser.ts
FN:5,(anonymous_7)
FN:7,(anonymous_8)
FNF:2
FNH:2
FNDA:10,(anonymous_7)
FNDA:2,(anonymous_8)
DA:4,2
DA:5,10
DA:9,2
LF:3
LH:3
BRF:0
BRH:0
end_of_record
TN:
SF:src/core/domain/use-cases/ListarMedicamentos.ts
FN:5,(anonymous_7)
FN:7,(anonymous_8)
FNF:2
FNH:2
FNDA:9,(anonymous_7)
FNDA:2,(anonymous_8)
DA:4,2
DA:5,9
DA:8,2
LF:3
LH:3
BRF:0
BRH:0
end_of_record
TN:
SF:src/core/domain/use-cases/LoginUser.ts
FN:7,(anonymous_7)
FN:9,(anonymous_8)
FNF:2
FNH:2
FNDA:13,(anonymous_7)
FNDA:5,(anonymous_8)
DA:2,2
DA:3,2
DA:6,2
DA:7,13
DA:10,5
DA:11,4
DA:13,3
DA:15,3
DA:16,1
DA:18,2
LF:10
LH:10
BRDA:15,0,0,1
BRDA:15,0,1,2
BRDA:15,1,0,3
BRDA:15,1,1,2
BRF:4
BRH:4
end_of_record
TN:
SF:src/core/domain/use-cases/LogoutUser.ts
FN:2,(anonymous_7)
FNF:1
FNH:1
FNDA:1,(anonymous_7)
DA:1,2
DA:4,1
LF:2
LH:2
BRF:0
BRH:0
end_of_record
TN:
SF:src/core/domain/use-cases/ObterMedicamentoPorId.ts
FN:5,(anonymous_7)
FN:7,(anonymous_8)
FNF:2
FNH:2
FNDA:9,(anonymous_7)
FNDA:2,(anonymous_8)
DA:4,2
DA:5,9
DA:8,2
LF:3
LH:3
BRF:0
BRH:0
end_of_record
TN:
SF:src/core/domain/use-cases/RegisterUser.ts
FN:8,(anonymous_7)
FN:10,(anonymous_8)
FNF:2
FNH:2
FNDA:12,(anonymous_7)
FNDA:4,(anonymous_8)
DA:1,2
DA:3,2
DA:4,2
DA:5,2
DA:7,2
DA:8,12
DA:11,4
DA:12,4
DA:13,1
DA:16,3
DA:17,1
DA:18,1
LF:12
LH:12
BRDA:12,0,0,1
BRDA:12,0,1,3
BRF:2
BRH:2
end_of_record
TN:
SF:src/core/domain/use-cases/UpdateUser.ts
FN:5,(anonymous_7)
FN:7,(anonymous_8)
FNF:2
FNH:2
FNDA:9,(anonymous_7)
FNDA:1,(anonymous_8)
DA:4,2
DA:5,9
DA:9,1
LF:3
LH:3
BRF:0
BRH:0
end_of_record
TN:
SF:src/core/domain/value-objects/Email.ts
FN:2,(anonymous_0)
FN:4,(anonymous_1)
FN:11,(anonymous_2)
FNF:3
FNH:3
FNDA:20,(anonymous_0)
FNDA:23,(anonymous_1)
FNDA:23,(anonymous_2)
DA:1,9
DA:2,20
DA:5,23
DA:6,3
DA:8,20
DA:12,23
DA:13,23
LF:7
LH:7
BRDA:5,0,0,3
BRDA:5,0,1,20
BRF:2
BRH:2
end_of_record
TN:
SF:src/core/domain/value-objects/Name.ts
FN:2,(anonymous_0)
FN:4,(anonymous_1)
FN:11,(anonymous_2)
FNF:3
FNH:3
FNDA:18,(anonymous_0)
FNDA:20,(anonymous_1)
FNDA:20,(anonymous_2)
DA:1,9
DA:2,18
DA:5,20
DA:6,2
DA:8,18
DA:12,20
LF:6
LH:6
BRDA:5,0,0,2
BRDA:5,0,1,18
BRF:2
BRH:2
end_of_record
TN:
SF:src/core/domain/value-objects/Password.ts
FN:2,(anonymous_0)
FN:4,(anonymous_1)
FN:11,(anonymous_2)
FNF:3
FNH:3
FNDA:19,(anonymous_0)
FNDA:21,(anonymous_1)
FNDA:21,(anonymous_2)
DA:1,9
DA:2,19
DA:5,21
DA:6,2
DA:8,19
DA:12,21
LF:6
LH:6
BRDA:5,0,0,2
BRDA:5,0,1,19
BRF:2
BRH:2
end_of_record
TN:
SF:src/core/factories/MakeMedicamentoUseCases.ts
FN:9,makeMedicamentoUseCases
FNF:1
FNH:1
FNDA:7,makeMedicamentoUseCases
DA:2,1
DA:3,1
DA:4,1
DA:5,1
DA:6,1
DA:7,1
DA:9,1
DA:10,7
DA:12,7
DA:13,7
DA:14,7
DA:15,7
DA:16,7
DA:18,7
LF:14
LH:14
BRF:0
BRH:0
end_of_record
TN:
SF:src/core/factories/MakeUserUseCases.ts
FN:10,makeUserUseCases
FNF:1
FNH:1
FNDA:8,makeUserUseCases
DA:2,1
DA:3,1
DA:4,1
DA:5,1
DA:6,1
DA:7,1
DA:8,1
DA:10,1
DA:11,8
DA:13,8
DA:14,8
DA:15,8
DA:16,8
DA:17,8
DA:18,8
DA:20,8
LF:16
LH:16
BRF:0
BRH:0
end_of_record
TN:
SF:src/core/infra/repositories/MockMedicamentoRepository.ts
FN:4,(anonymous_7)
FN:7,(anonymous_8)
FN:11,(anonymous_10)
FN:12,(anonymous_12)
FN:15,(anonymous_13)
FN:19,(anonymous_15)
FN:20,(anonymous_17)
FN:26,(anonymous_18)
FN:27,(anonymous_20)
FNF:9
FNH:9
FNDA:15,(anonymous_7)
FNDA:8,(anonymous_8)
FNDA:6,(anonymous_10)
FNDA:4,(anonymous_12)
FNDA:1,(anonymous_13)
FNDA:2,(anonymous_15)
FNDA:2,(anonymous_17)
FNDA:2,(anonymous_18)
FNDA:2,(anonymous_20)
DA:4,5
DA:5,15
DA:8,8
DA:12,6
DA:16,1
DA:20,2
DA:21,2
DA:22,2
DA:27,2
LF:9
LH:9
BRDA:12,0,0,6
BRDA:12,0,1,2
BRDA:21,1,0,2
BRDA:21,1,1,0
BRF:4
BRH:3
end_of_record
TN:
SF:src/core/infra/repositories/MockUserRepository.ts
FN:4,(anonymous_7)
FN:7,(anonymous_8)
FN:11,(anonymous_10)
FN:12,(anonymous_12)
FN:15,(anonymous_13)
FN:16,(anonymous_15)
FN:19,(anonymous_16)
FN:20,(anonymous_18)
FN:26,(anonymous_19)
FN:27,(anonymous_21)
FNF:10
FNH:10
FNDA:18,(anonymous_7)
FNDA:8,(anonymous_8)
FNDA:1,(anonymous_10)
FNDA:1,(anonymous_12)
FNDA:8,(anonymous_13)
FNDA:5,(anonymous_15)
FNDA:2,(anonymous_16)
FNDA:2,(anonymous_18)
FNDA:2,(anonymous_19)
FNDA:2,(anonymous_21)
DA:4,5
DA:5,18
DA:8,8
DA:12,1
DA:16,8
DA:20,2
DA:21,2
DA:22,2
DA:27,2
LF:9
LH:9
BRDA:12,0,0,1
BRDA:12,0,1,0
BRDA:16,1,0,8
BRDA:16,1,1,3
BRDA:21,2,0,2
BRDA:21,2,1,0
BRF:6
BRH:4
end_of_record
